[debug] [2024-05-02T09:27:17.561Z] ----------------------------------------------------------------------
[debug] [2024-05-02T09:27:17.562Z] Command:       /opt/homebrew/Cellar/node/21.7.2/bin/node /opt/homebrew/bin/firebase init
[debug] [2024-05-02T09:27:17.563Z] CLI Version:   13.8.0
[debug] [2024-05-02T09:27:17.563Z] Platform:      darwin
[debug] [2024-05-02T09:27:17.563Z] Node Version:  v21.7.2
[debug] [2024-05-02T09:27:17.563Z] Time:          Thu May 02 2024 11:27:17 GMT+0200 (heure d’été d’Europe centrale)
[debug] [2024-05-02T09:27:17.563Z] ----------------------------------------------------------------------
[debug] 
[debug] [2024-05-02T09:27:17.567Z] > command requires scopes: ["email","openid","https://www.googleapis.com/auth/cloudplatformprojects.readonly","https://www.googleapis.com/auth/firebase","https://www.googleapis.com/auth/cloud-platform"]
[debug] [2024-05-02T09:27:17.567Z] > authorizing via signed-in user (wesley93270@gmail.com)
[info] 
     ######## #### ########  ######## ########     ###     ######  ########
     ##        ##  ##     ## ##       ##     ##  ##   ##  ##       ##
     ######    ##  ########  ######   ########  #########  ######  ######
     ##        ##  ##    ##  ##       ##     ## ##     ##       ## ##
     ##       #### ##     ## ######## ########  ##     ##  ######  ########

You're about to initialize a Firebase project in this directory:

  /Users/wesleysid/REACTNATIV/Yuka/MyFirstApp

[info] 
=== Project Setup
[info] 
[info] First, let's associate this project directory with a Firebase project.
[info] You can create multiple project aliases by running firebase use --add, 
[info] but for now we'll just set up a default project.
[info] 
[info] i  If you want to create a project in a Google Cloud organization or folder, please use "firebase projects:create" instead, and return to this command when you've created the project. 
[debug] [2024-05-02T09:27:56.198Z] >>> [apiv2][query] POST https://cloudresourcemanager.googleapis.com/v1/projects [none]
[debug] [2024-05-02T09:27:56.199Z] >>> [apiv2][body] POST https://cloudresourcemanager.googleapis.com/v1/projects {"projectId":"TestApp-Koko","name":"Koko"}
[debug] [2024-05-02T09:27:57.067Z] <<< [apiv2][status] POST https://cloudresourcemanager.googleapis.com/v1/projects 400
[debug] [2024-05-02T09:27:57.067Z] <<< [apiv2][body] POST https://cloudresourcemanager.googleapis.com/v1/projects {"error":{"code":400,"message":"field [project_id] has issue [project_id contains invalid characters]","status":"INVALID_ARGUMENT","details":[{"@type":"type.googleapis.com/google.rpc.BadRequest","fieldViolations":[{"field":"project_id","description":"project_id contains invalid characters"}]},{"@type":"type.googleapis.com/google.rpc.Help","links":[{"url":"https://cloud.google.com/resource-manager/reference/rest/v1/projects"}]}]}}
[debug] [2024-05-02T09:27:57.157Z] FirebaseError: HTTP Error: 400, field [project_id] has issue [project_id contains invalid characters]
    at responseToError (/opt/homebrew/lib/node_modules/firebase-tools/lib/responseToError.js:49:12)
    at RetryOperation._fn (/opt/homebrew/lib/node_modules/firebase-tools/lib/apiv2.js:305:77)
    at process.processTicksAndRejections (node:internal/process/task_queues:95:5)
[error] 
[error] Error: Failed to create project. See firebase-debug.log for more info.
